-------------------------------------------------------------------------------
Test set: com.es.falm.repository.JornadaRepositoryITTest
-------------------------------------------------------------------------------
Tests run: 1, Failures: 0, Errors: 1, Skipped: 0, Time elapsed: 0.001 s <<< FAILURE! - in com.es.falm.repository.JornadaRepositoryITTest
test  Time elapsed: 0 s  <<< ERROR!
java.lang.NullPointerException
	at com.es.falm.repository.JornadaRepositoryITTest.test(JornadaRepositoryITTest.java:52)

