<?xml version="1.0" encoding="UTF-8"?>
<testsuite xmlns:xsi="http://www.w3.org/2001/XMLSchema-instance" xsi:noNamespaceSchemaLocation="https://maven.apache.org/surefire/maven-surefire-plugin/xsd/surefire-test-report.xsd" name="com.es.falm.repository.EquipoFalmRepositoryITTest" time="0.058" tests="1" errors="1" skipped="0" failures="0">
  <properties>
[...]
</properties>
  <testcase name="test" classname="com.es.falm.repository.EquipoFalmRepositoryITTest" time="0.04">
    <error type="java.lang.NullPointerException">java.lang.NullPointerException
	at com.es.falm.repository.EquipoFalmRepositoryITTest.test(EquipoFalmRepositoryITTest.java:59)
</error>
    <system-out><![CDATA[12:43:59.049 [main] DEBUG org.springframework.test.context.junit4.SpringJUnit4ClassRunner - SpringJUnit4ClassRunner constructor called with [class com.es.falm.service.AppServiceTest]
12:43:59.057 [main] DEBUG org.springframework.test.context.BootstrapUtils - Instantiating CacheAwareContextLoaderDelegate from class [org.springframework.test.context.cache.DefaultCacheAwareContextLoaderDelegate]
12:43:59.070 [main] DEBUG org.springframework.test.context.BootstrapUtils - Instantiating BootstrapContext using constructor [public org.springframework.test.context.support.DefaultBootstrapContext(java.lang.Class,org.springframework.test.context.CacheAwareContextLoaderDelegate)]
12:43:59.122 [main] DEBUG org.springframework.test.context.BootstrapUtils - Instantiating TestContextBootstrapper for test class [com.es.falm.service.AppServiceTest] from class [org.springframework.boot.test.context.SpringBootTestContextBootstrapper]
12:43:59.158 [main] INFO org.springframework.boot.test.context.SpringBootTestContextBootstrapper - Neither @ContextConfiguration nor @ContextHierarchy found for test class [com.es.falm.service.AppServiceTest], using SpringBootContextLoader
12:43:59.166 [main] DEBUG org.springframework.test.context.support.AbstractContextLoader - Did not detect default resource location for test class [com.es.falm.service.AppServiceTest]: class path resource [com/es/falm/service/AppServiceTest-context.xml] does not exist
12:43:59.167 [main] DEBUG org.springframework.test.context.support.AbstractContextLoader - Did not detect default resource location for test class [com.es.falm.service.AppServiceTest]: class path resource [com/es/falm/service/AppServiceTestContext.groovy] does not exist
12:43:59.167 [main] INFO org.springframework.test.context.support.AbstractContextLoader - Could not detect default resource locations for test class [com.es.falm.service.AppServiceTest]: no resource found for suffixes {-context.xml, Context.groovy}.
12:43:59.168 [main] INFO org.springframework.test.context.support.AnnotationConfigContextLoaderUtils - Could not detect default configuration classes for test class [com.es.falm.service.AppServiceTest]: AppServiceTest does not declare any static, non-private, non-final, nested classes annotated with @Configuration.
12:43:59.246 [main] DEBUG org.springframework.test.context.support.ActiveProfilesUtils - Could not find an 'annotation declaring class' for annotation type [org.springframework.test.context.ActiveProfiles] and class [com.es.falm.service.AppServiceTest]
12:43:59.406 [main] DEBUG org.springframework.context.annotation.ClassPathScanningCandidateComponentProvider - Identified candidate component class: file [C:\workspaces\beca\FalmApp\target\classes\com\es\falm\App.class]
12:43:59.408 [main] INFO org.springframework.boot.test.context.SpringBootTestContextBootstrapper - Found @SpringBootConfiguration com.es.falm.App for test class com.es.falm.service.AppServiceTest
12:43:59.578 [main] DEBUG org.springframework.boot.test.context.SpringBootTestContextBootstrapper - @TestExecutionListeners is not present for class [com.es.falm.service.AppServiceTest]: using defaults.
12:43:59.579 [main] INFO org.springframework.boot.test.context.SpringBootTestContextBootstrapper - Loaded default TestExecutionListener class names from location [META-INF/spring.factories]: [org.springframework.boot.test.mock.mockito.MockitoTestExecutionListener, org.springframework.boot.test.mock.mockito.ResetMocksTestExecutionListener, org.springframework.boot.test.autoconfigure.restdocs.RestDocsTestExecutionListener, org.springframework.boot.test.autoconfigure.web.client.MockRestServiceServerResetTestExecutionListener, org.springframework.boot.test.autoconfigure.web.servlet.MockMvcPrintOnlyOnFailureTestExecutionListener, org.springframework.boot.test.autoconfigure.web.servlet.WebDriverTestExecutionListener, org.springframework.boot.test.autoconfigure.webservices.client.MockWebServiceServerTestExecutionListener, org.springframework.test.context.web.ServletTestExecutionListener, org.springframework.test.context.support.DirtiesContextBeforeModesTestExecutionListener, org.springframework.test.context.support.DependencyInjectionTestExecutionListener, org.springframework.test.context.support.DirtiesContextTestExecutionListener, org.springframework.test.context.transaction.TransactionalTestExecutionListener, org.springframework.test.context.jdbc.SqlScriptsTestExecutionListener, org.springframework.test.context.event.EventPublishingTestExecutionListener]
12:43:59.611 [main] INFO org.springframework.boot.test.context.SpringBootTestContextBootstrapper - Using TestExecutionListeners: [org.springframework.test.context.web.ServletTestExecutionListener@4b013c76, org.springframework.test.context.support.DirtiesContextBeforeModesTestExecutionListener@53fb3dab, org.springframework.boot.test.mock.mockito.MockitoTestExecutionListener@cb0755b, org.springframework.boot.test.autoconfigure.SpringBootDependencyInjectionTestExecutionListener@33065d67, org.springframework.test.context.support.DirtiesContextTestExecutionListener@712625fd, org.springframework.test.context.transaction.TransactionalTestExecutionListener@7bba5817, org.springframework.test.context.jdbc.SqlScriptsTestExecutionListener@742ff096, org.springframework.test.context.event.EventPublishingTestExecutionListener@75437611, org.springframework.boot.test.mock.mockito.ResetMocksTestExecutionListener@350aac89, org.springframework.boot.test.autoconfigure.restdocs.RestDocsTestExecutionListener@1c5920df, org.springframework.boot.test.autoconfigure.web.client.MockRestServiceServerResetTestExecutionListener@17f9d882, org.springframework.boot.test.autoconfigure.web.servlet.MockMvcPrintOnlyOnFailureTestExecutionListener@79e4c792, org.springframework.boot.test.autoconfigure.web.servlet.WebDriverTestExecutionListener@196a42c3, org.springframework.boot.test.autoconfigure.webservices.client.MockWebServiceServerTestExecutionListener@4c60d6e9]
12:43:59.617 [main] DEBUG org.springframework.test.annotation.ProfileValueUtils - Retrieved @ProfileValueSourceConfiguration [null] for test class [com.es.falm.service.AppServiceTest]
12:43:59.618 [main] DEBUG org.springframework.test.annotation.ProfileValueUtils - Retrieved ProfileValueSource type [class org.springframework.test.annotation.SystemProfileValueSource] for class [com.es.falm.service.AppServiceTest]
12:43:59.620 [main] DEBUG org.springframework.test.annotation.ProfileValueUtils - Retrieved @ProfileValueSourceConfiguration [null] for test class [com.es.falm.service.AppServiceTest]
12:43:59.620 [main] DEBUG org.springframework.test.annotation.ProfileValueUtils - Retrieved ProfileValueSource type [class org.springframework.test.annotation.SystemProfileValueSource] for class [com.es.falm.service.AppServiceTest]
12:43:59.623 [main] DEBUG org.springframework.test.annotation.ProfileValueUtils - Retrieved @ProfileValueSourceConfiguration [null] for test class [com.es.falm.service.AppServiceTest]
12:43:59.624 [main] DEBUG org.springframework.test.annotation.ProfileValueUtils - Retrieved ProfileValueSource type [class org.springframework.test.annotation.SystemProfileValueSource] for class [com.es.falm.service.AppServiceTest]
12:43:59.652 [main] DEBUG org.springframework.test.context.junit4.SpringJUnit4ClassRunner - SpringJUnit4ClassRunner constructor called with [class com.es.falm.service.AppServiceTest]
12:43:59.652 [main] DEBUG org.springframework.test.context.BootstrapUtils - Instantiating CacheAwareContextLoaderDelegate from class [org.springframework.test.context.cache.DefaultCacheAwareContextLoaderDelegate]
12:43:59.652 [main] DEBUG org.springframework.test.context.BootstrapUtils - Instantiating BootstrapContext using constructor [public org.springframework.test.context.support.DefaultBootstrapContext(java.lang.Class,org.springframework.test.context.CacheAwareContextLoaderDelegate)]
12:43:59.653 [main] DEBUG org.springframework.test.context.BootstrapUtils - Instantiating TestContextBootstrapper for test class [com.es.falm.service.AppServiceTest] from class [org.springframework.boot.test.context.SpringBootTestContextBootstrapper]
12:43:59.656 [main] INFO org.springframework.boot.test.context.SpringBootTestContextBootstrapper - Neither @ContextConfiguration nor @ContextHierarchy found for test class [com.es.falm.service.AppServiceTest], using SpringBootContextLoader
12:43:59.658 [main] DEBUG org.springframework.test.context.support.AbstractContextLoader - Did not detect default resource location for test class [com.es.falm.service.AppServiceTest]: class path resource [com/es/falm/service/AppServiceTest-context.xml] does not exist
12:43:59.658 [main] DEBUG org.springframework.test.context.support.AbstractContextLoader - Did not detect default resource location for test class [com.es.falm.service.AppServiceTest]: class path resource [com/es/falm/service/AppServiceTestContext.groovy] does not exist
12:43:59.659 [main] INFO org.springframework.test.context.support.AbstractContextLoader - Could not detect default resource locations for test class [com.es.falm.service.AppServiceTest]: no resource found for suffixes {-context.xml, Context.groovy}.
12:43:59.659 [main] INFO org.springframework.test.context.support.AnnotationConfigContextLoaderUtils - Could not detect default configuration classes for test class [com.es.falm.service.AppServiceTest]: AppServiceTest does not declare any static, non-private, non-final, nested classes annotated with @Configuration.
12:43:59.661 [main] DEBUG org.springframework.test.context.support.ActiveProfilesUtils - Could not find an 'annotation declaring class' for annotation type [org.springframework.test.context.ActiveProfiles] and class [com.es.falm.service.AppServiceTest]
12:43:59.662 [main] INFO org.springframework.boot.test.context.SpringBootTestContextBootstrapper - Found @SpringBootConfiguration com.es.falm.App for test class com.es.falm.service.AppServiceTest
12:43:59.667 [main] DEBUG org.springframework.boot.test.context.SpringBootTestContextBootstrapper - @TestExecutionListeners is not present for class [com.es.falm.service.AppServiceTest]: using defaults.
12:43:59.667 [main] INFO org.springframework.boot.test.context.SpringBootTestContextBootstrapper - Loaded default TestExecutionListener class names from location [META-INF/spring.factories]: [org.springframework.boot.test.mock.mockito.MockitoTestExecutionListener, org.springframework.boot.test.mock.mockito.ResetMocksTestExecutionListener, org.springframework.boot.test.autoconfigure.restdocs.RestDocsTestExecutionListener, org.springframework.boot.test.autoconfigure.web.client.MockRestServiceServerResetTestExecutionListener, org.springframework.boot.test.autoconfigure.web.servlet.MockMvcPrintOnlyOnFailureTestExecutionListener, org.springframework.boot.test.autoconfigure.web.servlet.WebDriverTestExecutionListener, org.springframework.boot.test.autoconfigure.webservices.client.MockWebServiceServerTestExecutionListener, org.springframework.test.context.web.ServletTestExecutionListener, org.springframework.test.context.support.DirtiesContextBeforeModesTestExecutionListener, org.springframework.test.context.support.DependencyInjectionTestExecutionListener, org.springframework.test.context.support.DirtiesContextTestExecutionListener, org.springframework.test.context.transaction.TransactionalTestExecutionListener, org.springframework.test.context.jdbc.SqlScriptsTestExecutionListener, org.springframework.test.context.event.EventPublishingTestExecutionListener]
12:43:59.668 [main] INFO org.springframework.boot.test.context.SpringBootTestContextBootstrapper - Using TestExecutionListeners: [org.springframework.test.context.web.ServletTestExecutionListener@1972e513, org.springframework.test.context.support.DirtiesContextBeforeModesTestExecutionListener@7ae0a9ec, org.springframework.boot.test.mock.mockito.MockitoTestExecutionListener@35841320, org.springframework.boot.test.autoconfigure.SpringBootDependencyInjectionTestExecutionListener@61c4eee0, org.springframework.test.context.support.DirtiesContextTestExecutionListener@6f10d5b6, org.springframework.test.context.transaction.TransactionalTestExecutionListener@1040be71, org.springframework.test.context.jdbc.SqlScriptsTestExecutionListener@548a24a, org.springframework.test.context.event.EventPublishingTestExecutionListener@433defed, org.springframework.boot.test.mock.mockito.ResetMocksTestExecutionListener@2a693f59, org.springframework.boot.test.autoconfigure.restdocs.RestDocsTestExecutionListener@3f4faf53, org.springframework.boot.test.autoconfigure.web.client.MockRestServiceServerResetTestExecutionListener@7fd50002, org.springframework.boot.test.autoconfigure.web.servlet.MockMvcPrintOnlyOnFailureTestExecutionListener@533bda92, org.springframework.boot.test.autoconfigure.web.servlet.WebDriverTestExecutionListener@304bb45b, org.springframework.boot.test.autoconfigure.webservices.client.MockWebServiceServerTestExecutionListener@723ca036]
12:43:59.668 [main] DEBUG org.springframework.test.annotation.ProfileValueUtils - Retrieved @ProfileValueSourceConfiguration [null] for test class [com.es.falm.service.AppServiceTest]
12:43:59.668 [main] DEBUG org.springframework.test.annotation.ProfileValueUtils - Retrieved ProfileValueSource type [class org.springframework.test.annotation.SystemProfileValueSource] for class [com.es.falm.service.AppServiceTest]
12:43:59.668 [main] DEBUG org.springframework.test.annotation.ProfileValueUtils - Retrieved @ProfileValueSourceConfiguration [null] for test class [com.es.falm.service.AppServiceTest]
12:43:59.669 [main] DEBUG org.springframework.test.annotation.ProfileValueUtils - Retrieved ProfileValueSource type [class org.springframework.test.annotation.SystemProfileValueSource] for class [com.es.falm.service.AppServiceTest]
12:43:59.669 [main] DEBUG org.springframework.test.annotation.ProfileValueUtils - Retrieved @ProfileValueSourceConfiguration [null] for test class [com.es.falm.service.AppServiceTest]
12:43:59.669 [main] DEBUG org.springframework.test.annotation.ProfileValueUtils - Retrieved ProfileValueSource type [class org.springframework.test.annotation.SystemProfileValueSource] for class [com.es.falm.service.AppServiceTest]
]]></system-out>
  </testcase>
</testsuite>